2025-06-19 14:34:46,774 INFO    MainThread:114326 [wandb_setup.py:_flush():81] Current SDK version is 0.20.1
2025-06-19 14:34:46,774 INFO    MainThread:114326 [wandb_setup.py:_flush():81] Configure stats pid to 114326
2025-06-19 14:34:46,774 INFO    MainThread:114326 [wandb_setup.py:_flush():81] Loading settings from /home/aspoto/.config/wandb/settings
2025-06-19 14:34:46,775 INFO    MainThread:114326 [wandb_setup.py:_flush():81] Loading settings from /home/aspoto/Desktop/HOIE-algorithm/wandb/settings
2025-06-19 14:34:46,775 INFO    MainThread:114326 [wandb_setup.py:_flush():81] Loading settings from environment variables
2025-06-19 14:34:46,775 INFO    MainThread:114326 [wandb_init.py:setup_run_log_directory():703] Logging user logs to /home/aspoto/Desktop/HOIE-algorithm/wandb/offline-run-20250619_143446-fpkr4dih/logs/debug.log
2025-06-19 14:34:46,775 INFO    MainThread:114326 [wandb_init.py:setup_run_log_directory():704] Logging internal logs to /home/aspoto/Desktop/HOIE-algorithm/wandb/offline-run-20250619_143446-fpkr4dih/logs/debug-internal.log
2025-06-19 14:34:46,775 INFO    MainThread:114326 [wandb_init.py:init():831] calling init triggers
2025-06-19 14:34:46,775 INFO    MainThread:114326 [wandb_init.py:init():836] wandb.init called with sweep_config: {}
config: {'learning_rate': 0.001, 'batch_size': 4, 'max_iterations': 80000, 'contact_state_modality': 'mask+rgb+depth+fusion', 'num_classes': 20, '_wandb': {}}
2025-06-19 14:34:46,775 INFO    MainThread:114326 [wandb_init.py:init():872] starting backend
2025-06-19 14:34:46,986 INFO    MainThread:114326 [wandb_init.py:init():875] sending inform_init request
2025-06-19 14:34:46,993 INFO    MainThread:114326 [wandb_init.py:init():883] backend started and connected
2025-06-19 14:34:46,996 INFO    MainThread:114326 [wandb_init.py:init():956] updated telemetry
2025-06-19 14:34:47,003 INFO    MainThread:114326 [wandb_init.py:init():980] communicating run to backend with 90.0 second timeout
2025-06-19 14:34:47,129 INFO    MainThread:114326 [wandb_init.py:init():1032] starting run threads in backend
2025-06-19 14:34:47,361 INFO    MainThread:114326 [wandb_run.py:_console_start():2453] atexit reg
2025-06-19 14:34:47,362 INFO    MainThread:114326 [wandb_run.py:_redirect():2301] redirect: wrap_raw
2025-06-19 14:34:47,362 INFO    MainThread:114326 [wandb_run.py:_redirect():2370] Wrapping output streams.
2025-06-19 14:34:47,362 INFO    MainThread:114326 [wandb_run.py:_redirect():2393] Redirects installed.
2025-06-19 14:34:47,366 INFO    MainThread:114326 [wandb_init.py:init():1078] run started, returning control to user process
2025-06-19 14:34:50,633 INFO    MainThread:114326 [wandb_watch.py:_watch():70] Watching
2025-06-20 14:45:03,476 INFO    MainThread:114326 [wandb_run.py:_finish():2219] finishing run ehoi-training/fpkr4dih
2025-06-20 14:45:03,476 INFO    MainThread:114326 [wandb_run.py:_atexit_cleanup():2418] got exitcode: 0
2025-06-20 14:45:03,477 INFO    MainThread:114326 [wandb_run.py:_restore():2400] restore
2025-06-20 14:45:03,477 INFO    MainThread:114326 [wandb_run.py:_restore():2406] restore done
2025-06-20 14:45:03,708 INFO    MainThread:114326 [wandb_run.py:_footer_history_summary_info():4000] rendering history
2025-06-20 14:45:03,723 INFO    MainThread:114326 [wandb_run.py:_footer_history_summary_info():4032] rendering summary
